<?xml version="1.0" encoding="UTF-8"?>
<testng-results ignored="0" total="1" passed="1" failed="0" skipped="0">
  <reporter-output>
  </reporter-output>
  <suite started-at="2024-08-26T08:49:12 IST" name="Default suite" finished-at="2024-08-26T08:49:16 IST" duration-ms="3965">
    <groups>
    </groups>
    <test started-at="2024-08-26T08:49:12 IST" name="Default test" finished-at="2024-08-26T08:49:16 IST" duration-ms="3965">
      <class name="Movie_search.moviesearchwithsingleletter">
        <test-method is-config="true" signature="beforsuites()[pri:0, instance:Movie_search.moviesearchwithsingleletter@3cce5371]" started-at="2024-08-26T08:49:10 IST" name="beforsuites" finished-at="2024-08-26T08:49:12 IST" duration-ms="1941" status="PASS">
          <reporter-output>
          </reporter-output>
        </test-method> <!-- beforsuites -->
        <test-method is-config="true" signature="beforclas()[pri:0, instance:Movie_search.moviesearchwithsingleletter@3cce5371]" started-at="2024-08-26T08:49:12 IST" name="beforclas" finished-at="2024-08-26T08:49:13 IST" duration-ms="345" status="PASS">
          <reporter-output>
          </reporter-output>
        </test-method> <!-- beforclas -->
        <test-method signature="searchAndCheckMovie()[pri:0, instance:Movie_search.moviesearchwithsingleletter@3cce5371]" started-at="2024-08-26T08:49:13 IST" name="searchAndCheckMovie" finished-at="2024-08-26T08:49:16 IST" duration-ms="3588" status="PASS">
          <reporter-output>
          </reporter-output>
        </test-method> <!-- searchAndCheckMovie -->
        <test-method is-config="true" signature="aftersuites()[pri:0, instance:Movie_search.moviesearchwithsingleletter@3cce5371]" started-at="2024-08-26T08:49:16 IST" name="aftersuites" finished-at="2024-08-26T08:49:16 IST" duration-ms="103" status="PASS">
          <reporter-output>
          </reporter-output>
        </test-method> <!-- aftersuites -->
      </class> <!-- Movie_search.moviesearchwithsingleletter -->
    </test> <!-- Default test -->
  </suite> <!-- Default suite -->
</testng-results>
